20:10:22 INFO  : Platform repository initialization has completed.
20:10:22 INFO  : Launching XSCT server: xsct -n  -interactive /users/students/r0970173/embedded_systems_lab/lab-6/software/temp_xsdb_launch_script.tcl
20:10:23 INFO  : Registering command handlers for Vitis TCF services
20:10:25 INFO  : XSCT server has started successfully.
20:10:26 INFO  : Successfully done setting XSCT server connection channel  
20:10:26 INFO  : plnx-install-location is set to ''
20:10:26 INFO  : Successfully done query RDI_DATADIR 
20:10:26 INFO  : Successfully done setting workspace for the tool. 
20:12:41 INFO  : Result from executing command 'getProjects': lab-6-zynq-platform
20:12:41 INFO  : Result from executing command 'getPlatforms': 
20:15:44 INFO  : Result from executing command 'getProjects': lab-6-zynq-platform
20:15:44 INFO  : Result from executing command 'getPlatforms': lab-6-zynq-platform|/users/students/r0970173/embedded_systems_lab/lab-6/software/lab-6-zynq-platform/export/lab-6-zynq-platform/lab-6-zynq-platform.xpfm
20:19:59 INFO  : Result from executing command 'getProjects': lab-6-mb-platform;lab-6-zynq-platform
20:19:59 INFO  : Result from executing command 'getPlatforms': lab-6-zynq-platform|/users/students/r0970173/embedded_systems_lab/lab-6/software/lab-6-zynq-platform/export/lab-6-zynq-platform/lab-6-zynq-platform.xpfm
20:20:24 INFO  : Result from executing command 'getProjects': lab-6-mb-platform;lab-6-zynq-platform
20:20:24 INFO  : Result from executing command 'getPlatforms': lab-6-mb-platform|/users/students/r0970173/embedded_systems_lab/lab-6/software/lab-6-mb-platform/export/lab-6-mb-platform/lab-6-mb-platform.xpfm;lab-6-zynq-platform|/users/students/r0970173/embedded_systems_lab/lab-6/software/lab-6-zynq-platform/export/lab-6-zynq-platform/lab-6-zynq-platform.xpfm
20:22:45 INFO  : Checking for BSP changes to sync application flags for project 'lab-6-mb-application'...
20:27:30 INFO  : Checking for BSP changes to sync application flags for project 'lab-6-mb-application'...
20:27:36 INFO  : Checking for BSP changes to sync application flags for project 'lab-6-zynq-application'...
20:27:46 INFO  : Checking for BSP changes to sync application flags for project 'lab-6-zynq-application'...
20:27:50 INFO  : Checking for BSP changes to sync application flags for project 'lab-6-mb-application'...
20:28:25 INFO  : Connected to target on host '127.0.0.1' and port '3121'.
20:28:39 INFO  : Jtag cable 'Digilent PYNQ 210017480930A' is selected.
20:28:40 INFO  : 'jtag frequency' command is executed.
20:28:40 INFO  : Context for 'APU' is selected.
20:28:41 INFO  : System reset is completed.
20:28:45 INFO  : 'after 3000' command is executed.
20:28:45 INFO  : 'targets -set -filter {jtag_cable_name =~ "Digilent PYNQ 210017480930A" && level==0 && jtag_device_ctx=="jsn-PYNQ-210017480930A-23727093-0"}' command is executed.
20:29:24 INFO  : Device configured successfully with "/users/students/r0970173/embedded_systems_lab/lab-6/software/lab-6-mb-application/_ide/bitstream/design_1_wrapper.bit"
20:29:24 INFO  : Context for 'APU' is selected.
20:29:25 INFO  : Hardware design and registers information is loaded from '/users/students/r0970173/embedded_systems_lab/lab-6/software/lab-6-mb-platform/export/lab-6-mb-platform/hw/design_1_wrapper.xsa'.
20:29:25 INFO  : 'configparams force-mem-access 1' command is executed.
20:29:25 INFO  : Context for 'APU' is selected.
20:29:25 INFO  : Sourcing of '/users/students/r0970173/embedded_systems_lab/lab-6/software/lab-6-mb-application/_ide/psinit/ps7_init.tcl' is done.
20:31:35 INFO  : 'ps7_init' command is executed.
20:31:37 INFO  : 'ps7_post_config' command is executed.
20:31:37 INFO  : 'configparams mdm-detect-bscan-mask 2' command is executed.
20:31:37 INFO  : Context for processor 'microblaze_0' is selected.
20:31:40 INFO  : The application '/users/students/r0970173/embedded_systems_lab/lab-6/software/lab-6-mb-application/Debug/lab-6-mb-application.elf' is downloaded to processor 'microblaze_0'.
20:31:41 INFO  : Context for processor 'ps7_cortexa9_0' is selected.
20:32:23 INFO  : The application '/users/students/r0970173/embedded_systems_lab/lab-6/software/lab-6-zynq-application/Debug/lab-6-zynq-application.elf' is downloaded to processor 'ps7_cortexa9_0'.
20:32:29 INFO  : 'configparams force-mem-access 0' command is executed.
20:32:29 INFO  : ----------------XSDB Script----------------
connect -url tcp:127.0.0.1:3121
targets -set -nocase -filter {name =~"APU*"}
rst -system
after 3000
targets -set -filter {jtag_cable_name =~ "Digilent PYNQ 210017480930A" && level==0 && jtag_device_ctx=="jsn-PYNQ-210017480930A-23727093-0"}
fpga -file /users/students/r0970173/embedded_systems_lab/lab-6/software/lab-6-mb-application/_ide/bitstream/design_1_wrapper.bit
targets -set -nocase -filter {name =~"APU*"}
loadhw -hw /users/students/r0970173/embedded_systems_lab/lab-6/software/lab-6-mb-platform/export/lab-6-mb-platform/hw/design_1_wrapper.xsa -mem-ranges [list {0x40000000 0xbfffffff}] -regs
configparams force-mem-access 1
targets -set -nocase -filter {name =~"APU*"}
source /users/students/r0970173/embedded_systems_lab/lab-6/software/lab-6-mb-application/_ide/psinit/ps7_init.tcl
ps7_init
ps7_post_config
configparams mdm-detect-bscan-mask 2
targets -set -nocase -filter {name =~ "*microblaze*#0" && bscan=="USER2" }
dow /users/students/r0970173/embedded_systems_lab/lab-6/software/lab-6-mb-application/Debug/lab-6-mb-application.elf
targets -set -nocase -filter {name =~ "*A9*#0"}
dow /users/students/r0970173/embedded_systems_lab/lab-6/software/lab-6-zynq-application/Debug/lab-6-zynq-application.elf
configparams force-mem-access 0
----------------End of Script----------------

20:32:33 INFO  : Context for processor 'microblaze_0' is selected.
20:32:34 INFO  : 'con' command is executed.
20:32:38 INFO  : Context for processor 'ps7_cortexa9_0' is selected.
20:32:43 INFO  : 'con' command is executed.
20:32:43 INFO  : ----------------XSDB Script (After Launch)----------------
targets -set -nocase -filter {name =~ "*microblaze*#0" && bscan=="USER2" }
con
targets -set -nocase -filter {name =~ "*A9*#0"}
con
----------------End of Script----------------

20:32:43 INFO  : Launch script is exported to file '/users/students/r0970173/embedded_systems_lab/lab-6/software/lab-6-mb-application_system/_ide/scripts/debugger_lab-6-mb-application-default.tcl'
20:41:18 INFO  : Disconnected from the channel tcfchan#3.
20:41:19 INFO  : Connected to target on host '127.0.0.1' and port '3121'.
20:41:32 INFO  : Jtag cable 'Digilent PYNQ 210017480930A' is selected.
20:41:34 INFO  : 'jtag frequency' command is executed.
20:41:53 INFO  : Context for 'APU' is selected.
20:41:55 INFO  : System reset is completed.
20:41:58 INFO  : 'after 3000' command is executed.
20:41:59 INFO  : 'targets -set -filter {jtag_cable_name =~ "Digilent PYNQ 210017480930A" && level==0 && jtag_device_ctx=="jsn-PYNQ-210017480930A-23727093-0"}' command is executed.
20:42:37 INFO  : Device configured successfully with "/users/students/r0970173/embedded_systems_lab/lab-6/software/lab-6-mb-application/_ide/bitstream/design_1_wrapper.bit"
20:42:38 INFO  : Context for 'APU' is selected.
20:42:38 INFO  : Hardware design and registers information is loaded from '/users/students/r0970173/embedded_systems_lab/lab-6/software/lab-6-mb-platform/export/lab-6-mb-platform/hw/design_1_wrapper.xsa'.
20:42:38 INFO  : 'configparams force-mem-access 1' command is executed.
20:42:38 INFO  : Context for 'APU' is selected.
20:42:38 INFO  : Sourcing of '/users/students/r0970173/embedded_systems_lab/lab-6/software/lab-6-mb-application/_ide/psinit/ps7_init.tcl' is done.
20:44:48 INFO  : 'ps7_init' command is executed.
20:44:50 INFO  : 'ps7_post_config' command is executed.
20:44:50 INFO  : 'configparams mdm-detect-bscan-mask 2' command is executed.
20:44:50 INFO  : Context for processor 'microblaze_0' is selected.
20:44:52 INFO  : The application '/users/students/r0970173/embedded_systems_lab/lab-6/software/lab-6-mb-application/Debug/lab-6-mb-application.elf' is downloaded to processor 'microblaze_0'.
20:44:54 INFO  : Context for processor 'ps7_cortexa9_0' is selected.
20:45:34 INFO  : The application '/users/students/r0970173/embedded_systems_lab/lab-6/software/lab-6-zynq-application/Debug/lab-6-zynq-application.elf' is downloaded to processor 'ps7_cortexa9_0'.
20:45:40 INFO  : 'configparams force-mem-access 0' command is executed.
20:45:40 INFO  : ----------------XSDB Script----------------
connect -url tcp:127.0.0.1:3121
targets -set -nocase -filter {name =~"APU*"}
rst -system
after 3000
targets -set -filter {jtag_cable_name =~ "Digilent PYNQ 210017480930A" && level==0 && jtag_device_ctx=="jsn-PYNQ-210017480930A-23727093-0"}
fpga -file /users/students/r0970173/embedded_systems_lab/lab-6/software/lab-6-mb-application/_ide/bitstream/design_1_wrapper.bit
targets -set -nocase -filter {name =~"APU*"}
loadhw -hw /users/students/r0970173/embedded_systems_lab/lab-6/software/lab-6-mb-platform/export/lab-6-mb-platform/hw/design_1_wrapper.xsa -mem-ranges [list {0x40000000 0xbfffffff}] -regs
configparams force-mem-access 1
targets -set -nocase -filter {name =~"APU*"}
source /users/students/r0970173/embedded_systems_lab/lab-6/software/lab-6-mb-application/_ide/psinit/ps7_init.tcl
ps7_init
ps7_post_config
configparams mdm-detect-bscan-mask 2
targets -set -nocase -filter {name =~ "*microblaze*#0" && bscan=="USER2" }
dow /users/students/r0970173/embedded_systems_lab/lab-6/software/lab-6-mb-application/Debug/lab-6-mb-application.elf
targets -set -nocase -filter {name =~ "*A9*#0"}
dow /users/students/r0970173/embedded_systems_lab/lab-6/software/lab-6-zynq-application/Debug/lab-6-zynq-application.elf
configparams force-mem-access 0
----------------End of Script----------------

20:45:42 INFO  : Context for processor 'microblaze_0' is selected.
20:45:43 INFO  : 'con' command is executed.
20:45:46 INFO  : Context for processor 'ps7_cortexa9_0' is selected.
20:45:50 INFO  : 'con' command is executed.
20:45:50 INFO  : ----------------XSDB Script (After Launch)----------------
targets -set -nocase -filter {name =~ "*microblaze*#0" && bscan=="USER2" }
con
targets -set -nocase -filter {name =~ "*A9*#0"}
con
----------------End of Script----------------

20:45:50 INFO  : Launch script is exported to file '/users/students/r0970173/embedded_systems_lab/lab-6/software/lab-6-mb-application_system/_ide/scripts/debugger_lab-6-mb-application-default.tcl'
21:24:00 INFO  : Disconnected from the channel tcfchan#4.
21:45:13 INFO  : Launching XSCT server: xsct -n  -interactive /users/students/r0970173/embedded_systems_lab/lab-6/software/temp_xsdb_launch_script.tcl
21:45:18 INFO  : XSCT server has started successfully.
21:45:18 INFO  : Successfully done setting XSCT server connection channel  
21:45:18 INFO  : plnx-install-location is set to ''
21:45:18 INFO  : Successfully done setting workspace for the tool. 
21:45:19 INFO  : Registering command handlers for Vitis TCF services
21:45:20 INFO  : Platform repository initialization has completed.
21:45:23 INFO  : Successfully done query RDI_DATADIR 
21:47:16 INFO  : Result from executing command 'getProjects': lab-6-mb-platform;lab-6-zynq-platform
21:47:16 INFO  : Result from executing command 'getPlatforms': lab-6-mb-platform|/users/students/r0970173/embedded_systems_lab/lab-6/software/lab-6-mb-platform/export/lab-6-mb-platform/lab-6-mb-platform.xpfm;lab-6-zynq-platform|/users/students/r0970173/embedded_systems_lab/lab-6/software/lab-6-zynq-platform/export/lab-6-zynq-platform/lab-6-zynq-platform.xpfm
21:47:20 INFO  : Checking for BSP changes to sync application flags for project 'lab-6-zynq-application'...
21:47:43 INFO  : Result from executing command 'getProjects': lab-6-mb-platform;lab-6-zynq-platform
21:47:43 INFO  : Result from executing command 'getPlatforms': lab-6-mb-platform|/users/students/r0970173/embedded_systems_lab/lab-6/software/lab-6-mb-platform/export/lab-6-mb-platform/lab-6-mb-platform.xpfm;lab-6-zynq-platform|/users/students/r0970173/embedded_systems_lab/lab-6/software/lab-6-zynq-platform/export/lab-6-zynq-platform/lab-6-zynq-platform.xpfm
21:47:46 INFO  : Checking for BSP changes to sync application flags for project 'lab-6-mb-application'...
21:49:04 INFO  : Checking for BSP changes to sync application flags for project 'lab-6-zynq-application'...
21:49:14 INFO  : Checking for BSP changes to sync application flags for project 'lab-6-zynq-application'...
21:50:47 INFO  : Checking for BSP changes to sync application flags for project 'lab-6-zynq-application'...
21:50:56 INFO  : Checking for BSP changes to sync application flags for project 'lab-6-zynq-application'...
21:51:35 INFO  : Connected to target on host '127.0.0.1' and port '3121'.
21:51:53 INFO  : ----------------XSDB Script----------------
connect -url tcp:127.0.0.1:3121
----------------End of Script----------------

21:51:53 ERROR : Could not find ARM device on the board for connection 'Local'.
Check if the target is in:
1. Split JTAG - No operations are possible with ARM DAP.
2. Non JTAG bootmode - Bootrom may need time to enable DAP.
Please try again.


Troubleshooting hints:
1. Check whether board is connected to system properly.
2. In case of zynq board, check whether Digilent/Xilinx cable switch settings are correct.
3. If you are using Xilinx Platform Cable USB, ensure that status LED is green.
21:52:30 INFO  : Connected to target on host '127.0.0.1' and port '3121'.
21:52:32 INFO  : Jtag cable 'Digilent PYNQ 210017480930A' is selected.
21:52:32 INFO  : 'jtag frequency' command is executed.
21:52:32 INFO  : Context for 'APU' is selected.
21:52:33 INFO  : System reset is completed.
21:52:38 INFO  : 'after 3000' command is executed.
21:52:39 INFO  : 'targets -set -filter {jtag_cable_name =~ "Digilent PYNQ 210017480930A" && level==0 && jtag_device_ctx=="jsn-PYNQ-210017480930A-23727093-0"}' command is executed.
21:53:15 INFO  : Device configured successfully with "/users/students/r0970173/embedded_systems_lab/lab-6/software/lab-6-mb-application/_ide/bitstream/design_1_wrapper.bit"
21:53:15 INFO  : Context for 'APU' is selected.
21:53:16 INFO  : Hardware design and registers information is loaded from '/users/students/r0970173/embedded_systems_lab/lab-6/software/lab-6-mb-platform/export/lab-6-mb-platform/hw/design_1_wrapper.xsa'.
21:53:16 INFO  : 'configparams force-mem-access 1' command is executed.
21:53:16 INFO  : Context for 'APU' is selected.
21:53:16 INFO  : Sourcing of '/users/students/r0970173/embedded_systems_lab/lab-6/software/lab-6-mb-application/_ide/psinit/ps7_init.tcl' is done.
21:55:44 INFO  : 'ps7_init' command is executed.
21:55:46 INFO  : 'ps7_post_config' command is executed.
21:55:46 INFO  : 'configparams mdm-detect-bscan-mask 2' command is executed.
21:55:46 INFO  : Context for processor 'microblaze_0' is selected.
21:55:49 INFO  : The application '/users/students/r0970173/embedded_systems_lab/lab-6/software/lab-6-mb-application/Debug/lab-6-mb-application.elf' is downloaded to processor 'microblaze_0'.
21:55:51 INFO  : Context for processor 'ps7_cortexa9_0' is selected.
21:56:34 INFO  : The application '/users/students/r0970173/embedded_systems_lab/lab-6/software/lab-6-zynq-application/Debug/lab-6-zynq-application.elf' is downloaded to processor 'ps7_cortexa9_0'.
21:56:40 INFO  : 'configparams force-mem-access 0' command is executed.
21:56:40 INFO  : ----------------XSDB Script----------------
connect -url tcp:127.0.0.1:3121
targets -set -nocase -filter {name =~"APU*"}
rst -system
after 3000
targets -set -filter {jtag_cable_name =~ "Digilent PYNQ 210017480930A" && level==0 && jtag_device_ctx=="jsn-PYNQ-210017480930A-23727093-0"}
fpga -file /users/students/r0970173/embedded_systems_lab/lab-6/software/lab-6-mb-application/_ide/bitstream/design_1_wrapper.bit
targets -set -nocase -filter {name =~"APU*"}
loadhw -hw /users/students/r0970173/embedded_systems_lab/lab-6/software/lab-6-mb-platform/export/lab-6-mb-platform/hw/design_1_wrapper.xsa -mem-ranges [list {0x40000000 0xbfffffff}] -regs
configparams force-mem-access 1
targets -set -nocase -filter {name =~"APU*"}
source /users/students/r0970173/embedded_systems_lab/lab-6/software/lab-6-mb-application/_ide/psinit/ps7_init.tcl
ps7_init
ps7_post_config
configparams mdm-detect-bscan-mask 2
targets -set -nocase -filter {name =~ "*microblaze*#0" && bscan=="USER2" }
dow /users/students/r0970173/embedded_systems_lab/lab-6/software/lab-6-mb-application/Debug/lab-6-mb-application.elf
targets -set -nocase -filter {name =~ "*A9*#0"}
dow /users/students/r0970173/embedded_systems_lab/lab-6/software/lab-6-zynq-application/Debug/lab-6-zynq-application.elf
configparams force-mem-access 0
----------------End of Script----------------

21:56:43 INFO  : Context for processor 'microblaze_0' is selected.
21:56:45 INFO  : 'con' command is executed.
21:56:48 INFO  : Context for processor 'ps7_cortexa9_0' is selected.
21:56:52 INFO  : 'con' command is executed.
21:56:52 INFO  : ----------------XSDB Script (After Launch)----------------
targets -set -nocase -filter {name =~ "*microblaze*#0" && bscan=="USER2" }
con
targets -set -nocase -filter {name =~ "*A9*#0"}
con
----------------End of Script----------------

21:56:52 INFO  : Launch script is exported to file '/users/students/r0970173/embedded_systems_lab/lab-6/software/lab-6-mb-application_system/_ide/scripts/debugger_lab-6-mb-application-default.tcl'
21:59:20 INFO  : Disconnected from the channel tcfchan#4.
21:59:22 INFO  : Connected to target on host '127.0.0.1' and port '3121'.
21:59:29 INFO  : Jtag cable 'Digilent PYNQ 210017480930A' is selected.
21:59:29 INFO  : 'jtag frequency' command is executed.
21:59:32 ERROR : no targets found with "name =~"APU*"". available targets: none
21:59:32 INFO  : ----------------XSDB Script----------------
connect -url tcp:127.0.0.1:3121
targets -set -nocase -filter {name =~"APU*"}
----------------End of Script----------------

21:59:32 ERROR : no targets found with "name =~"APU*"". available targets: none
21:59:51 INFO  : Connected to target on host '127.0.0.1' and port '3121'.
21:59:51 INFO  : Jtag cable 'Digilent PYNQ 210017480930A' is selected.
21:59:52 INFO  : 'jtag frequency' command is executed.
21:59:52 INFO  : Context for 'APU' is selected.
21:59:53 INFO  : System reset is completed.
21:59:56 INFO  : 'after 3000' command is executed.
21:59:56 INFO  : 'targets -set -filter {jtag_cable_name =~ "Digilent PYNQ 210017480930A" && level==0 && jtag_device_ctx=="jsn-PYNQ-210017480930A-23727093-0"}' command is executed.
22:00:33 INFO  : Device configured successfully with "/users/students/r0970173/embedded_systems_lab/lab-6/software/lab-6-mb-application/_ide/bitstream/design_1_wrapper.bit"
22:00:33 INFO  : Context for 'APU' is selected.
22:00:34 INFO  : Hardware design and registers information is loaded from '/users/students/r0970173/embedded_systems_lab/lab-6/software/lab-6-mb-platform/export/lab-6-mb-platform/hw/design_1_wrapper.xsa'.
22:00:34 INFO  : 'configparams force-mem-access 1' command is executed.
22:00:34 INFO  : Context for 'APU' is selected.
22:00:34 INFO  : Sourcing of '/users/students/r0970173/embedded_systems_lab/lab-6/software/lab-6-mb-application/_ide/psinit/ps7_init.tcl' is done.
22:02:56 INFO  : 'ps7_init' command is executed.
22:02:58 INFO  : 'ps7_post_config' command is executed.
22:02:58 INFO  : 'configparams mdm-detect-bscan-mask 2' command is executed.
22:02:58 INFO  : Context for processor 'microblaze_0' is selected.
22:03:01 INFO  : The application '/users/students/r0970173/embedded_systems_lab/lab-6/software/lab-6-mb-application/Debug/lab-6-mb-application.elf' is downloaded to processor 'microblaze_0'.
22:03:03 INFO  : Context for processor 'ps7_cortexa9_0' is selected.
22:03:44 INFO  : The application '/users/students/r0970173/embedded_systems_lab/lab-6/software/lab-6-zynq-application/Debug/lab-6-zynq-application.elf' is downloaded to processor 'ps7_cortexa9_0'.
22:03:50 INFO  : 'configparams force-mem-access 0' command is executed.
22:03:50 INFO  : ----------------XSDB Script----------------
connect -url tcp:127.0.0.1:3121
targets -set -nocase -filter {name =~"APU*"}
rst -system
after 3000
targets -set -filter {jtag_cable_name =~ "Digilent PYNQ 210017480930A" && level==0 && jtag_device_ctx=="jsn-PYNQ-210017480930A-23727093-0"}
fpga -file /users/students/r0970173/embedded_systems_lab/lab-6/software/lab-6-mb-application/_ide/bitstream/design_1_wrapper.bit
targets -set -nocase -filter {name =~"APU*"}
loadhw -hw /users/students/r0970173/embedded_systems_lab/lab-6/software/lab-6-mb-platform/export/lab-6-mb-platform/hw/design_1_wrapper.xsa -mem-ranges [list {0x40000000 0xbfffffff}] -regs
configparams force-mem-access 1
targets -set -nocase -filter {name =~"APU*"}
source /users/students/r0970173/embedded_systems_lab/lab-6/software/lab-6-mb-application/_ide/psinit/ps7_init.tcl
ps7_init
ps7_post_config
configparams mdm-detect-bscan-mask 2
targets -set -nocase -filter {name =~ "*microblaze*#0" && bscan=="USER2" }
dow /users/students/r0970173/embedded_systems_lab/lab-6/software/lab-6-mb-application/Debug/lab-6-mb-application.elf
targets -set -nocase -filter {name =~ "*A9*#0"}
dow /users/students/r0970173/embedded_systems_lab/lab-6/software/lab-6-zynq-application/Debug/lab-6-zynq-application.elf
configparams force-mem-access 0
----------------End of Script----------------

22:03:52 INFO  : Context for processor 'microblaze_0' is selected.
22:03:55 INFO  : 'con' command is executed.
22:03:58 INFO  : Context for processor 'ps7_cortexa9_0' is selected.
22:04:04 INFO  : 'con' command is executed.
22:04:04 INFO  : ----------------XSDB Script (After Launch)----------------
targets -set -nocase -filter {name =~ "*microblaze*#0" && bscan=="USER2" }
con
targets -set -nocase -filter {name =~ "*A9*#0"}
con
----------------End of Script----------------

22:04:04 INFO  : Launch script is exported to file '/users/students/r0970173/embedded_systems_lab/lab-6/software/lab-6-mb-application_system/_ide/scripts/debugger_lab-6-mb-application-default.tcl'
22:09:36 INFO  : Projects exported to '/users/students/r0970173/embedded_systems_lab/lab-6/software/lab-6.zip'
